Using pre-set license
Built from '2020.3/staging' branch; Version is '2020.3.30f1 (1fb1bf06830e) revision 2077119'; Using compiler version '192528614'; Build Type 'Release'
OS: 'Windows 10  (10.0.19044) 64bit Professional' Language: 'en' Physical Memory: 32702 MB
BatchMode: 1, IsHumanControllingUs: 0, StartBugReporterOnCrash: 0, Is64bit: 1, IsPro: 0

COMMAND LINE ARGUMENTS:
C:\Program Files\Unity\Hub\Editor\2020.3.30f1\Editor\Unity.exe
-adb2
-batchMode
-noUpm
-name
AssetImportWorker0
-projectPath
C:/Users/andyw/Documents/GitHub/Spatial-Scanner/Spatial-Scanner-AHW903
-logFile
Logs/AssetImportWorker0.log
-srvPort
57531
Successfully changed project path to: C:/Users/andyw/Documents/GitHub/Spatial-Scanner/Spatial-Scanner-AHW903
C:/Users/andyw/Documents/GitHub/Spatial-Scanner/Spatial-Scanner-AHW903
Using Asset Import Pipeline V2.
Refreshing native plugins compatible for Editor in 56.13 ms, found 9 plugins.
Preloading 1 native plugins for Editor in 1.27 ms.
Initialize engine version: 2020.3.30f1 (1fb1bf06830e)
[Subsystems] Discovering subsystems at path C:/Program Files/Unity/Hub/Editor/2020.3.30f1/Editor/Data/Resources/UnitySubsystems
[Subsystems] Discovering subsystems at path C:/Users/andyw/Documents/GitHub/Spatial-Scanner/Spatial-Scanner-AHW903/Assets
GfxDevice: creating device client; threaded=0
Direct3D:
    Version:  Direct3D 11.0 [level 11.1]
    Renderer: NVIDIA GeForce RTX 2080 (ID=0x1e87)
    Vendor:   
    VRAM:     8010 MB
    Driver:   30.0.15.1179
Initialize mono
Mono path[0] = 'C:/Program Files/Unity/Hub/Editor/2020.3.30f1/Editor/Data/Managed'
Mono path[1] = 'C:/Program Files/Unity/Hub/Editor/2020.3.30f1/Editor/Data/MonoBleedingEdge/lib/mono/unityjit'
Mono config path = 'C:/Program Files/Unity/Hub/Editor/2020.3.30f1/Editor/Data/MonoBleedingEdge/etc'
Using monoOptions --debugger-agent=transport=dt_socket,embedding=1,server=y,suspend=n,address=127.0.0.1:56308
Begin MonoManager ReloadAssembly
Registering precompiled unity dll's ...
Register platform support module: C:/Program Files/Unity/Hub/Editor/2020.3.30f1/Editor/Data/PlaybackEngines/WebGLSupport/UnityEditor.WebGL.Extensions.dll
Register platform support module: C:/Program Files/Unity/Hub/Editor/2020.3.30f1/Editor/Data/PlaybackEngines/WindowsStandaloneSupport/UnityEditor.WindowsStandalone.Extensions.dll
Registered in 0.001978 seconds.
Native extension for WindowsStandalone target not found
Native extension for WebGL target not found
Refreshing native plugins compatible for Editor in 49.77 ms, found 9 plugins.
Preloading 1 native plugins for Editor in 0.10 ms.
Mono: successfully reloaded assembly
- Completed reload, in  0.499 seconds
Domain Reload Profiling:
	ReloadAssembly (499ms)
		BeginReloadAssembly (52ms)
			ExecutionOrderSort (0ms)
			DisableScriptedObjects (0ms)
			BackupInstance (0ms)
			ReleaseScriptingObjects (0ms)
			CreateAndSetChildDomain (1ms)
		EndReloadAssembly (388ms)
			LoadAssemblies (50ms)
			RebuildTransferFunctionScriptingTraits (0ms)
			SetupTypeCache (122ms)
			ReleaseScriptCaches (0ms)
			RebuildScriptCaches (26ms)
			SetupLoadedEditorAssemblies (158ms)
				LogAssemblyErrors (0ms)
				InitializePlatformSupportModulesInManaged (5ms)
				SetLoadedEditorAssemblies (0ms)
				RefreshPlugins (50ms)
				BeforeProcessingInitializeOnLoad (7ms)
				ProcessInitializeOnLoadAttributes (71ms)
				ProcessInitializeOnLoadMethodAttributes (25ms)
				AfterProcessingInitializeOnLoad (0ms)
				EditorAssembliesLoaded (0ms)
			ExecutionOrderSort2 (0ms)
			AwakeInstancesAfterBackupRestoration (0ms)
Platform modules already initialized, skipping
Registering precompiled user dll's ...
Registered in 0.006792 seconds.
Begin MonoManager ReloadAssembly
Native extension for WindowsStandalone target not found
Native extension for WebGL target not found
Refreshing native plugins compatible for Editor in 49.43 ms, found 9 plugins.
Preloading 1 native plugins for Editor in 0.09 ms.
Added DLL directory C:\Users\andyw\Documents\GitHub\Spatial-Scanner\Spatial-Scanner-AHW903\Library\PackageCache\com.microsoft.windows.mixedreality.dotnetwinrt@3ce5181a9606-1646979986168\Plugins\x64 to the user search path.
UnityEngine.StackTraceUtility:ExtractStackTrace ()
UnityEngine.DebugLogHandler:LogFormat (UnityEngine.LogType,UnityEngine.Object,string,object[])
UnityEngine.Logger:Log (UnityEngine.LogType,object)
UnityEngine.Debug:Log (object)
Microsoft.Windows.MixedReality.DotNetWinRT.Init:.cctor () (at Library/PackageCache/com.microsoft.windows.mixedreality.dotnetwinrt@3ce5181a9606-1646979986168/Editor/Microsoft.Windows.MixedReality.DotNetWinRT.Init.cs:46)
System.Runtime.CompilerServices.RuntimeHelpers:RunClassConstructor (System.RuntimeTypeHandle)
UnityEditor.EditorAssemblies:ProcessInitializeOnLoadAttributes (System.Type[])

(Filename: Library/PackageCache/com.microsoft.windows.mixedreality.dotnetwinrt@3ce5181a9606-1646979986168/Editor/Microsoft.Windows.MixedReality.DotNetWinRT.Init.cs Line: 46)

Mono: successfully reloaded assembly
- Completed reload, in  1.751 seconds
Domain Reload Profiling:
	ReloadAssembly (1752ms)
		BeginReloadAssembly (130ms)
			ExecutionOrderSort (0ms)
			DisableScriptedObjects (4ms)
			BackupInstance (0ms)
			ReleaseScriptingObjects (0ms)
			CreateAndSetChildDomain (17ms)
		EndReloadAssembly (1568ms)
			LoadAssemblies (93ms)
			RebuildTransferFunctionScriptingTraits (0ms)
			SetupTypeCache (261ms)
			ReleaseScriptCaches (1ms)
			RebuildScriptCaches (50ms)
			SetupLoadedEditorAssemblies (1067ms)
				LogAssemblyErrors (0ms)
				InitializePlatformSupportModulesInManaged (4ms)
				SetLoadedEditorAssemblies (0ms)
				RefreshPlugins (50ms)
				BeforeProcessingInitializeOnLoad (82ms)
				ProcessInitializeOnLoadAttributes (622ms)
				ProcessInitializeOnLoadMethodAttributes (304ms)
				AfterProcessingInitializeOnLoad (6ms)
				EditorAssembliesLoaded (0ms)
			ExecutionOrderSort2 (0ms)
			AwakeInstancesAfterBackupRestoration (5ms)
Platform modules already initialized, skipping
========================================================================
Worker process is ready to serve import requests
Launched and connected shader compiler UnityShaderCompiler.exe after 0.06 seconds
Refreshing native plugins compatible for Editor in 0.71 ms, found 9 plugins.
Preloading 1 native plugins for Editor in 0.08 ms.
Unloading 3132 Unused Serialized files (Serialized files now loaded: 0)
System memory in use before: 141.3 MB.
System memory in use after: 141.5 MB.

Unloading 515 unused Assets to reduce memory usage. Loaded Objects now: 3497.
Total: 3.338200 ms (FindLiveObjects: 0.242600 ms CreateObjectMapping: 0.144000 ms MarkObjects: 2.620900 ms  DeleteObjects: 0.329300 ms)

AssetImportParameters requested are different than current active one (requested -> active):
  custom:framework-win-MediaFoundation: 216162199b28c13a410421893ffa2e32 -> 
  custom:video-decoder-ogg-theora: a1e56fd34408186e4bbccfd4996cb3dc -> 
  custom:container-muxer-webm: aa71ff27fc2769a1b78a27578f13a17b -> 
  custom:container-demuxer-webm: 4f35f7cbe854078d1ac9338744f61a02 -> 
  custom:container-demuxer-ogg: 62fdf1f143b41e24485cea50d1cbac27 -> 
  custom:video-encoder-webm-vp8: eb34c28f22e8b96e1ab97ce403110664 -> 
  custom:video-decoder-webm-vp8: 9c59270c3fd7afecdb556c50c9e8de78 -> 
  custom:audio-decoder-ogg-vorbis: bf7c407c2cedff20999df2af8eb42d56 -> 
  custom:audio-encoder-webm-vorbis: bf7c407c2cedff20999df2af8eb42d56 -> 
========================================================================
Received Import Request.
  path: Packages/com.microsoft.mixedreality.sceneunderstanding/Runtime/Microsoft.MixedReality.SceneUnderstanding.Projections.WSA.asmdef
  artifactKey: Guid(b20118a0e7fd1714a9a4d8563a35fbe2) Importer(815301076,1909f56bfc062723c751e8b465ee728b)
Start importing Packages/com.microsoft.mixedreality.sceneunderstanding/Runtime/Microsoft.MixedReality.SceneUnderstanding.Projections.WSA.asmdef using Guid(b20118a0e7fd1714a9a4d8563a35fbe2) Importer(815301076,1909f56bfc062723c751e8b465ee728b)  -> (artifact id: '6296ae03c2aaab3782e8f914d32360b3') in 0.022138 seconds 
========================================================================
Received Import Request.
  Time since last request: 0.000201 seconds.
  path: Packages/com.microsoft.mixedreality.toolkit.foundation/SDK/StandardAssets/Prefabs/SceneDescriptionPanelRev.prefab
  artifactKey: Guid(18470d71939382448be2ecd06efa9662) Importer(815301076,1909f56bfc062723c751e8b465ee728b)
Start importing Packages/com.microsoft.mixedreality.toolkit.foundation/SDK/StandardAssets/Prefabs/SceneDescriptionPanelRev.prefab using Guid(18470d71939382448be2ecd06efa9662) Importer(815301076,1909f56bfc062723c751e8b465ee728b)  -> (artifact id: '3a06a1190fa33f8cc304fa5837ba2122') in 0.167326 seconds 
========================================================================
Received Import Request.
  Time since last request: 0.000281 seconds.
  path: Packages/com.microsoft.mixedreality.toolkit.foundation/Providers/Experimental/WindowsSceneUnderstanding/Profiles/DefaultSceneUnderstandingObserverProfile.asset
  artifactKey: Guid(1ce015d87321ac7458f2f259a7e1aaa5) Importer(815301076,1909f56bfc062723c751e8b465ee728b)
Start importing Packages/com.microsoft.mixedreality.toolkit.foundation/Providers/Experimental/WindowsSceneUnderstanding/Profiles/DefaultSceneUnderstandingObserverProfile.asset using Guid(1ce015d87321ac7458f2f259a7e1aaa5) Importer(815301076,1909f56bfc062723c751e8b465ee728b)  -> (artifact id: '2cbf74b8939e9cd49c2ec156a622e191') in 0.010371 seconds 
========================================================================
Received Import Request.
  Time since last request: 0.000187 seconds.
  path: Packages/com.microsoft.mixedreality.toolkit.foundation/SDK/Profiles/DefaultMixedRealitySceneSystemProfile.asset
  artifactKey: Guid(069efa41032a317409790a6a08435311) Importer(815301076,1909f56bfc062723c751e8b465ee728b)
Start importing Packages/com.microsoft.mixedreality.toolkit.foundation/SDK/Profiles/DefaultMixedRealitySceneSystemProfile.asset using Guid(069efa41032a317409790a6a08435311) Importer(815301076,1909f56bfc062723c751e8b465ee728b)  -> (artifact id: '0798b110dba0f738ae13deca338bd37b') in 0.006897 seconds 
========================================================================
Received Import Request.
  Time since last request: 0.000163 seconds.
  path: Packages/com.microsoft.mixedreality.sceneunderstanding/Editor/Microsoft.MixedReality.SceneUnderstanding.Projections.Editor.asmdef
  artifactKey: Guid(1606d26b309f4394dbb2934940e37f8d) Importer(815301076,1909f56bfc062723c751e8b465ee728b)
Start importing Packages/com.microsoft.mixedreality.sceneunderstanding/Editor/Microsoft.MixedReality.SceneUnderstanding.Projections.Editor.asmdef using Guid(1606d26b309f4394dbb2934940e37f8d) Importer(815301076,1909f56bfc062723c751e8b465ee728b)  -> (artifact id: 'b844f8c7f71e0c1aefda79e9328df94d') in 0.005937 seconds 
========================================================================
Received Import Request.
  Time since last request: 7.437714 seconds.
  path: Packages/com.microsoft.mixedreality.toolkit.foundation/Providers/Experimental/WindowsSceneUnderstanding/Editor/SceneUnderstandingObserverProfileInspector.cs
  artifactKey: Guid(59611c8adac0b7044860cad019601110) Importer(815301076,1909f56bfc062723c751e8b465ee728b)
Start importing Packages/com.microsoft.mixedreality.toolkit.foundation/Providers/Experimental/WindowsSceneUnderstanding/Editor/SceneUnderstandingObserverProfileInspector.cs using Guid(59611c8adac0b7044860cad019601110) Importer(815301076,1909f56bfc062723c751e8b465ee728b)  -> (artifact id: 'ddf227704d3f3b95c4a46b922e8149a4') in 0.007262 seconds 
========================================================================
Received Import Request.
  Time since last request: 5.538349 seconds.
  path: Packages/com.microsoft.mixedreality.toolkit.foundation/Providers/Experimental/WindowsSceneUnderstanding/WindowsSceneUnderstandingObserver.cs
  artifactKey: Guid(1454f2ea9a1693e419460cbcf678b80e) Importer(815301076,1909f56bfc062723c751e8b465ee728b)
Start importing Packages/com.microsoft.mixedreality.toolkit.foundation/Providers/Experimental/WindowsSceneUnderstanding/WindowsSceneUnderstandingObserver.cs using Guid(1454f2ea9a1693e419460cbcf678b80e) Importer(815301076,1909f56bfc062723c751e8b465ee728b)  -> (artifact id: 'e7b5e8026f9db1c6cf2c1a6a4adff6f0') in 0.005384 seconds 
========================================================================
Received Import Request.
  Time since last request: 4.160958 seconds.
  path: Packages/com.microsoft.mixedreality.sceneunderstanding/Runtime/Plugins/ARM64/Microsoft.MixedReality.SceneUnderstanding.dll
  artifactKey: Guid(869d0b71818bcf04c85620c9479d1a8d) Importer(815301076,1909f56bfc062723c751e8b465ee728b)
Start importing Packages/com.microsoft.mixedreality.sceneunderstanding/Runtime/Plugins/ARM64/Microsoft.MixedReality.SceneUnderstanding.dll using Guid(869d0b71818bcf04c85620c9479d1a8d) Importer(815301076,1909f56bfc062723c751e8b465ee728b)  -> (artifact id: '38cf404f41a960f4fe342a0c6c45894c') in 0.009173 seconds 
========================================================================
Received Import Request.
  Time since last request: 79.629098 seconds.
  path: Packages/com.microsoft.mixedreality.sceneunderstanding/Editor
  artifactKey: Guid(c9214856274d3de4f9950516a89e2545) Importer(815301076,1909f56bfc062723c751e8b465ee728b)
Start importing Packages/com.microsoft.mixedreality.sceneunderstanding/Editor using Guid(c9214856274d3de4f9950516a89e2545) Importer(815301076,1909f56bfc062723c751e8b465ee728b)  -> (artifact id: 'b74d572f9dc04d3f2c5f024e8c345d92') in 0.006117 seconds 
========================================================================
Received Import Request.
  Time since last request: 1.315877 seconds.
  path: Packages/com.microsoft.mixedreality.sceneunderstanding/Editor/Microsoft.MixedReality.SceneUnderstanding.cs
  artifactKey: Guid(bddf7cae25d9b4a428e6079fd620ddbe) Importer(815301076,1909f56bfc062723c751e8b465ee728b)
Start importing Packages/com.microsoft.mixedreality.sceneunderstanding/Editor/Microsoft.MixedReality.SceneUnderstanding.cs using Guid(bddf7cae25d9b4a428e6079fd620ddbe) Importer(815301076,1909f56bfc062723c751e8b465ee728b)  -> (artifact id: 'e6f700a46e0568d0ed7f1c7f598d317e') in 0.003871 seconds 
========================================================================
Received Import Request.
  Time since last request: 54.609860 seconds.
  path: Packages/com.unity.xr.arsubsystems/package.json
  artifactKey: Guid(138de250db28475c974590f762d87650) Importer(815301076,1909f56bfc062723c751e8b465ee728b)
Start importing Packages/com.unity.xr.arsubsystems/package.json using Guid(138de250db28475c974590f762d87650) Importer(815301076,1909f56bfc062723c751e8b465ee728b)  -> (artifact id: '3ccef4d7722c7d90c8283dcbd824031c') in 0.012386 seconds 
========================================================================
Received Import Request.
  Time since last request: 53.717965 seconds.
  path: Packages/com.microsoft.mixedreality.toolkit.foundation/package.json
  artifactKey: Guid(07675bcd31d98194486b2fea188bcc6b) Importer(815301076,1909f56bfc062723c751e8b465ee728b)
Start importing Packages/com.microsoft.mixedreality.toolkit.foundation/package.json using Guid(07675bcd31d98194486b2fea188bcc6b) Importer(815301076,1909f56bfc062723c751e8b465ee728b)  -> (artifact id: '0af955ff9b76574fa09154be410be969') in 0.008125 seconds 
========================================================================
Received Import Request.
  Time since last request: 5.645147 seconds.
  path: Packages/com.microsoft.mixedreality.sceneunderstanding/Runtime
  artifactKey: Guid(7e432b9d79a5d584b9f8b5ee192313b0) Importer(815301076,1909f56bfc062723c751e8b465ee728b)
Start importing Packages/com.microsoft.mixedreality.sceneunderstanding/Runtime using Guid(7e432b9d79a5d584b9f8b5ee192313b0) Importer(815301076,1909f56bfc062723c751e8b465ee728b)  -> (artifact id: '45fb432a3215d90be065ece8ce25ffbe') in 0.005661 seconds 
========================================================================
Received Import Request.
  Time since last request: 1.956467 seconds.
  path: Packages/com.microsoft.mixedreality.sceneunderstanding/Runtime/Plugins
  artifactKey: Guid(5c496c7b6c3119b42ba3f05a48aa1059) Importer(815301076,1909f56bfc062723c751e8b465ee728b)
Start importing Packages/com.microsoft.mixedreality.sceneunderstanding/Runtime/Plugins using Guid(5c496c7b6c3119b42ba3f05a48aa1059) Importer(815301076,1909f56bfc062723c751e8b465ee728b)  -> (artifact id: '6554421e0799162b5e1e4389dc04bed0') in 0.005941 seconds 
========================================================================
Received Import Request.
  Time since last request: 1.688483 seconds.
  path: Packages/com.microsoft.mixedreality.sceneunderstanding/Runtime/Plugins/ARM64
  artifactKey: Guid(e3e1cc031f001894bb698c5f4b97daff) Importer(815301076,1909f56bfc062723c751e8b465ee728b)
Start importing Packages/com.microsoft.mixedreality.sceneunderstanding/Runtime/Plugins/ARM64 using Guid(e3e1cc031f001894bb698c5f4b97daff) Importer(815301076,1909f56bfc062723c751e8b465ee728b)  -> (artifact id: '966e157f4375d250c7f43c679ea0d90d') in 0.005854 seconds 
AssetImportWorkerClient::OnTransportError - code=2 error=End of file
